<?xml version="1.0" encoding="UTF-8"?>
<testng-results ignored="0" total="1" passed="1" failed="0" skipped="0">
  <reporter-output>
  </reporter-output>
  <suite started-at="2023-08-07T13:53:13 IST" name="Suite" finished-at="2023-08-07T13:53:18 IST" duration-ms="4988">
    <groups>
    </groups>
    <test started-at="2023-08-07T13:53:13 IST" name="Test" finished-at="2023-08-07T13:53:18 IST" duration-ms="4988">
      <class name="testpage.TestLogin">
        <test-method is-config="true" signature="setUp()[pri:0, instance:testpage.TestLogin@74ea2410]" started-at="2023-08-07T13:53:13 IST" name="setUp" finished-at="2023-08-07T13:53:17 IST" duration-ms="4101" status="PASS">
          <reporter-output>
          </reporter-output>
        </test-method> <!-- setUp -->
        <test-method signature="testLogin()[pri:0, instance:testpage.TestLogin@74ea2410]" started-at="2023-08-07T13:53:17 IST" name="testLogin" finished-at="2023-08-07T13:53:18 IST" duration-ms="520" status="PASS">
          <reporter-output>
          </reporter-output>
        </test-method> <!-- testLogin -->
        <test-method is-config="true" signature="quit()[pri:0, instance:testpage.TestLogin@74ea2410]" started-at="2023-08-07T13:53:18 IST" name="quit" finished-at="2023-08-07T13:53:18 IST" duration-ms="294" status="PASS">
          <reporter-output>
          </reporter-output>
        </test-method> <!-- quit -->
      </class> <!-- testpage.TestLogin -->
    </test> <!-- Test -->
  </suite> <!-- Suite -->
</testng-results>
